robdavisprojects@DesktopMedionUbuntu:~/02-work/09-community/projects/taxanotes/myriatrix.taxanotes.net$ ddev drush cr
 [success] Cache rebuild complete.
robdavisprojects@DesktopMedionUbuntu:~/02-work/09-community/projects/taxanotes/myriatrix.taxanotes.net$ ddev drush updb
 --------------- ----------------------------------------------------- --------------- ------------------------------------------------------------------------------- 
  Module          Update ID                                             Type            Description                                                                    
 --------------- ----------------------------------------------------- --------------- ------------------------------------------------------------------------------- 
  system          10101                                                 hook_update_n   10101 - Change the {batch} table [bid] field to serial.                        
  system          10201                                                 hook_update_n   10201 - Clear left over entries in the revision data table.                    
  system          10400                                                 hook_update_n   10400 - Equivalent update to 11102.                                            
  block_content   10300                                                 hook_update_n   10300 - Apply index to reusable column.                                        
  help            10200                                                 hook_update_n   10200 - Install search index table for help topics.                            
  taxonomy        10100                                                 hook_update_n   10100 - Update entity definition to handle revision routes.                    
  big_pipe        html5_placeholders                                    post-update     Clear the render cache.                                                        
  block_content   revision_type                                         post-update     Update configuration for revision type.                                        
  ckeditor5       list_multiblock                                       post-update     Updates Text Editors using CKEditor 5.                                         
  ckeditor5       list_start_reversed                                   post-update     Updates Text Editors using CKEditor 5 to native List "start" functionality.    
  contact         set_empty_default_form_to_null                        post-update     Converts empty `default_form` in settings to NULL.                             
  editor          sanitize_image_upload_settings                        post-update     Clean up image upload settings.                                                
  file            add_default_filename_sanitization_configuration       post-update     Add default filename sanitization configuration.                               
  filter          consolidate_filter_config                             post-update     Change filter_settings to type mapping.                                        
  filter          sort_filters                                          post-update     Sorts filter format filter configuration.                                      
  help            add_permissions_to_roles                              post-update     Grant all admin roles the 'access help pages' permission.                      
  help            help_topics_search                                    post-update     Install or update config for help topics if the search module installed.       
  help            help_topics_uninstall                                 post-update     Uninstall the help_topics module if installed.                                 
  node            set_node_type_description_and_help_to_null            post-update     Converts empty `description` and `help` in content types to NULL.              
  path_alias      drop_path_alias_status_index                          post-update     Remove the path_alias__status index.                                           
  system          add_description_to_entity_form_mode                   post-update     Update description for form modes.                                             
  system          add_description_to_entity_view_mode                   post-update     Update description for view modes.                                             
  system          add_langcode_to_all_translatable_config               post-update     Adds a langcode to all simple config which needs it.                           
  system          amend_config_sync_readme_url                          post-update     Fix path in README.txt in CONFIG_SYNC_DIRECTORY.                               
  system          convert_empty_country_and_timezone_settings_to_null   post-update     Updates system.date config to NULL for empty country and timezone defaults.    
  system          mail_notification_setting                             post-update     Adds default value for the mail_notification config parameter.                 
  system          mailer_dsn_settings                                   post-update     Add new default mail transport dsn.                                            
  system          mailer_structured_dsn_settings                        post-update     Add new default mail transport dsn.                                            
  system          move_development_settings_to_keyvalue                 post-update     Move development settings from state to raw key-value storage.                 
  system          remove_asset_entries                                  post-update     Remove redundant asset state and config.                                       
  system          remove_asset_query_string                             post-update     Remove redundant asset query string state.                                     
  system          set_blank_log_url_to_null                             post-update     Updates system.theme.global:logo.url config if it's still at the default.      
  system          set_cron_logging_setting_to_boolean                   post-update     Fix system.cron:logging values to boolean.                                     
  taxonomy        set_new_revision                                      post-update     Re-save Taxonomy configurations with new_revision config.                      
  taxonomy        set_vocabulary_description_to_null                    post-update     Converts empty `description` in vocabularies to NULL.                          
  views           add_missing_labels                                    post-update     Add labels to views which don't have one.                                      
  views           pager_heading                                         post-update     Adds a default pager heading.                                                  
  views           remove_default_argument_skip_url                      post-update     Remove default_argument_skip_url setting.                                      
  views           remove_skip_cache_setting                             post-update     Remove the skip_cache settings.                                                
  views           rendered_entity_field_cache_metadata                  post-update     Removes entity display cache metadata from views with rendered entity fields.  
  views           taxonomy_filter_user_context                          post-update     Removes User context from views with taxonomy filters.                         
  views           views_data_argument_plugin_id                         post-update     Post update configured views for entity reference argument plugin IDs.         
 --------------- ----------------------------------------------------- --------------- ------------------------------------------------------------------------------- 


 Do you wish to run the specified pending updates? (yes/no) [yes]:
 > yes

>  [notice] Update started: system_update_10101
>  [notice] Update completed: system_update_10101
>  [notice] Update started: system_update_10201
>  [notice] Update completed: system_update_10201
>  [notice] Update started: system_update_10400
>  [notice] Update completed: system_update_10400
>  [notice] Update started: block_content_update_10300
>  [notice] Update completed: block_content_update_10300
>  [notice] Update started: help_update_10200
>  [notice] Update completed: help_update_10200
>  [notice] Update started: taxonomy_update_10100
>  [notice] Added revision routes to Taxonomy Term entity type.
>  [notice] Update completed: taxonomy_update_10100
>  [notice] Update started: big_pipe_post_update_html5_placeholders
>  [notice] Update completed: big_pipe_post_update_html5_placeholders
>  [notice] Update started: block_content_post_update_revision_type
>  [notice] Update completed: block_content_post_update_revision_type
>  [notice] Update started: ckeditor5_post_update_list_multiblock
>  [notice] Update completed: ckeditor5_post_update_list_multiblock
>  [notice] Update started: ckeditor5_post_update_list_start_reversed
>  [notice] Update completed: ckeditor5_post_update_list_start_reversed
>  [notice] Update started: contact_post_update_set_empty_default_form_to_null
>  [notice] Update completed: contact_post_update_set_empty_default_form_to_null
>  [notice] Update started: editor_post_update_sanitize_image_upload_settings
>  [notice] Update completed: editor_post_update_sanitize_image_upload_settings
>  [notice] Update started: file_post_update_add_default_filename_sanitization_configuration
>  [notice] Update completed: file_post_update_add_default_filename_sanitization_configuration
>  [notice] Update started: filter_post_update_consolidate_filter_config
>  [notice] Update completed: filter_post_update_consolidate_filter_config
>  [notice] Update started: filter_post_update_sort_filters
>  [notice] Update completed: filter_post_update_sort_filters
>  [notice] Update started: help_post_update_add_permissions_to_roles
>  [notice] Update completed: help_post_update_add_permissions_to_roles
>  [notice] Update started: help_post_update_help_topics_search
>  [notice] Update completed: help_post_update_help_topics_search
>  [notice] Update started: help_post_update_help_topics_uninstall
>  [notice] Update completed: help_post_update_help_topics_uninstall
>  [notice] Update started: node_post_update_set_node_type_description_and_help_to_null
>  [notice] Update completed: node_post_update_set_node_type_description_and_help_to_null
>  [notice] Update started: path_alias_post_update_drop_path_alias_status_index
>  [notice] Update completed: path_alias_post_update_drop_path_alias_status_index
>  [notice] Update started: system_post_update_add_description_to_entity_form_mode
>  [notice] Update completed: system_post_update_add_description_to_entity_form_mode
>  [notice] Update started: system_post_update_add_description_to_entity_view_mode
>  [notice] Update completed: system_post_update_add_description_to_entity_view_mode
>  [notice] Update started: system_post_update_add_langcode_to_all_translatable_config
>  [notice] Processed 50 items of 283.
>  [notice] Processed 100 items of 283.
>  [notice] Processed 150 items of 283.
>  [notice] Processed 200 items of 283.
>  [notice] Processed 250 items of 283.
>  [notice] Finished updating simple config langcodes.
>  [notice] Update completed: system_post_update_add_langcode_to_all_translatable_config
>  [notice] Update started: system_post_update_amend_config_sync_readme_url
>  [notice] Update completed: system_post_update_amend_config_sync_readme_url
>  [notice] Update started: system_post_update_convert_empty_country_and_timezone_settings_to_null
>  [notice] Update completed: system_post_update_convert_empty_country_and_timezone_settings_to_null
>  [notice] Update started: system_post_update_mail_notification_setting
>  [notice] Update completed: system_post_update_mail_notification_setting
>  [notice] Update started: system_post_update_mailer_dsn_settings
>  [notice] Update completed: system_post_update_mailer_dsn_settings
>  [notice] Update started: system_post_update_mailer_structured_dsn_settings
>  [notice] Update completed: system_post_update_mailer_structured_dsn_settings
>  [notice] Update started: system_post_update_move_development_settings_to_keyvalue
>  [notice] Update completed: system_post_update_move_development_settings_to_keyvalue
>  [notice] Update started: system_post_update_remove_asset_entries
>  [notice] Update completed: system_post_update_remove_asset_entries
>  [notice] Update started: system_post_update_remove_asset_query_string
>  [notice] Update completed: system_post_update_remove_asset_query_string
>  [notice] Update started: system_post_update_set_blank_log_url_to_null
>  [notice] Update completed: system_post_update_set_blank_log_url_to_null
>  [notice] Update started: system_post_update_set_cron_logging_setting_to_boolean
>  [notice] Update completed: system_post_update_set_cron_logging_setting_to_boolean
>  [notice] Update started: taxonomy_post_update_set_new_revision
>  [notice] Update completed: taxonomy_post_update_set_new_revision
>  [notice] Update started: taxonomy_post_update_set_vocabulary_description_to_null
>  [notice] Update completed: taxonomy_post_update_set_vocabulary_description_to_null
>  [notice] Update started: views_post_update_add_missing_labels
>  [notice] Update completed: views_post_update_add_missing_labels
>  [notice] Update started: views_post_update_pager_heading
>  [notice] Update completed: views_post_update_pager_heading
>  [notice] Update started: views_post_update_remove_default_argument_skip_url
>  [notice] Update completed: views_post_update_remove_default_argument_skip_url
>  [notice] Update started: views_post_update_remove_skip_cache_setting
>  [notice] Update completed: views_post_update_remove_skip_cache_setting
>  [notice] Update started: views_post_update_rendered_entity_field_cache_metadata
>  [notice] Update completed: views_post_update_rendered_entity_field_cache_metadata
>  [notice] Update started: views_post_update_taxonomy_filter_user_context
>  [notice] Update completed: views_post_update_taxonomy_filter_user_context
>  [notice] Update started: views_post_update_views_data_argument_plugin_id
>  [notice] Update completed: views_post_update_views_data_argument_plugin_id
 [success] Finished performing updates.
robdavisprojects@DesktopMedionUbuntu:~/02-work/09-community/projects/taxanotes/myriatrix.taxanotes.net$ ddev drush cex
 [notice] Differences of the active config to the export directory:
+------------+------------------------------------------+-----------+
| Collection | Config                                   | Operation |
+------------+------------------------------------------+-----------+
|            | search.page.help_search                  | Create    |
|            | block.block.claro_help_search            | Create    |
|            | block_content.type.basic                 | Update    |
|            | core.entity_view_mode.block_content.full | Update    |
|            | core.entity_view_mode.comment.full       | Update    |
|            | file.settings                            | Update    |
|            | filter.format.basic_html                 | Update    |
|            | editor.editor.basic_html                 | Update    |
|            | filter.format.full_html                  | Update    |
|            | editor.editor.full_html                  | Update    |
|            | filter.format.plain_text                 | Update    |
|            | filter.format.restricted_html            | Update    |
|            | core.entity_view_mode.node.teaser        | Update    |
|            | core.entity_view_mode.node.search_result | Update    |
|            | core.entity_view_mode.node.search_index  | Update    |
|            | core.entity_view_mode.node.rss           | Update    |
|            | core.entity_view_mode.node.full          | Update    |
|            | node.type.article                        | Update    |
|            | node.type.page                           | Update    |
|            | node.type.taxon                          | Update    |
|            | system.cron                              | Update    |
|            | system.mail                              | Update    |
|            | system.performance                       | Update    |
|            | system.site                              | Update    |
|            | system.theme.global                      | Update    |
|            | core.entity_view_mode.taxonomy_term.full | Update    |
|            | taxonomy.vocabulary.tags                 | Update    |
|            | core.entity_view_mode.user.full          | Update    |
|            | core.entity_view_mode.user.compact       | Update    |
|            | core.entity_form_mode.user.register      | Update    |
|            | user.role.content_editor                 | Update    |
|            | views.settings                           | Update    |
|            | views.view.archive                       | Update    |
|            | views.view.block_content                 | Update    |
|            | views.view.comment                       | Update    |
|            | views.view.content                       | Update    |
|            | views.view.files                         | Update    |
|            | views.view.frontpage                     | Update    |
|            | views.view.glossary                      | Update    |
|            | views.view.node_tree                     | Update    |
|            | views.view.taxonomy_term                 | Update    |
|            | views.view.user_admin_people             | Update    |
|            | views.view.watchdog                      | Update    |
+------------+------------------------------------------+-----------+


 The .yml files in your export directory (../config/sync) will be deleted and replaced with the active config. (yes/no) [yes]:
 > yes

 [success] Configuration successfully exported to ../config/sync.
../config/sync
robdavisprojects@DesktopMedionUbuntu:~/02-work/09-community/projects/taxanotes/myriatrix.taxanotes.net$ git status
On branch main
Your branch is ahead of 'origin/main' by 2 commits.
  (use "git push" to publish your local commits)

Changes not staged for commit:
  (use "git add <file>..." to update what will be committed)
  (use "git restore <file>..." to discard changes in working directory)
        modified:   config/sync/block_content.type.basic.yml
        modified:   config/sync/core.entity_form_mode.user.register.yml
        modified:   config/sync/core.entity_view_mode.block_content.full.yml
        modified:   config/sync/core.entity_view_mode.comment.full.yml
        modified:   config/sync/core.entity_view_mode.node.full.yml
        modified:   config/sync/core.entity_view_mode.node.rss.yml
        modified:   config/sync/core.entity_view_mode.node.search_index.yml
        modified:   config/sync/core.entity_view_mode.node.search_result.yml
        modified:   config/sync/core.entity_view_mode.node.teaser.yml
        modified:   config/sync/core.entity_view_mode.taxonomy_term.full.yml
        modified:   config/sync/core.entity_view_mode.user.compact.yml
        modified:   config/sync/core.entity_view_mode.user.full.yml
        modified:   config/sync/editor.editor.basic_html.yml
        modified:   config/sync/editor.editor.full_html.yml
        modified:   config/sync/file.settings.yml
        modified:   config/sync/filter.format.basic_html.yml
        modified:   config/sync/filter.format.full_html.yml
        modified:   config/sync/filter.format.plain_text.yml
        modified:   config/sync/filter.format.restricted_html.yml
        modified:   config/sync/node.type.article.yml
        modified:   config/sync/node.type.page.yml
        modified:   config/sync/node.type.taxon.yml
        modified:   config/sync/system.cron.yml
        modified:   config/sync/system.mail.yml
        modified:   config/sync/system.performance.yml
        modified:   config/sync/system.site.yml
        modified:   config/sync/system.theme.global.yml
        modified:   config/sync/taxonomy.vocabulary.tags.yml
        modified:   config/sync/user.role.content_editor.yml
        modified:   config/sync/views.settings.yml
        modified:   config/sync/views.view.archive.yml
        modified:   config/sync/views.view.block_content.yml
        modified:   config/sync/views.view.comment.yml
        modified:   config/sync/views.view.content.yml
        modified:   config/sync/views.view.files.yml
        modified:   config/sync/views.view.frontpage.yml
        modified:   config/sync/views.view.glossary.yml
        modified:   config/sync/views.view.node_tree.yml
        modified:   config/sync/views.view.taxonomy_term.yml
        modified:   config/sync/views.view.user_admin_people.yml
        modified:   config/sync/views.view.watchdog.yml

Untracked files:
  (use "git add <file>..." to include in what will be committed)
        config/sync/block.block.claro_help_search.yml
        config/sync/search.page.help_search.yml

no changes added to commit (use "git add" and/or "git commit -a")
robdavisprojects@DesktopMedionUbuntu:~/02-work/09-community/projects/taxanotes/myriatrix.taxanotes.net$ git add .
robdavisprojects@DesktopMedionUbuntu:~/02-work/09-community/projects/taxanotes/myriatrix.taxanotes.net$ git commit -am "config export after upgrade to Drupal 10.5.4"
[main ab33bef] config export after upgrade to Drupal 10.5.4
 43 files changed, 135 insertions(+), 56 deletions(-)
 create mode 100644 config/sync/block.block.claro_help_search.yml
 create mode 100644 config/sync/search.page.help_search.yml
robdavisprojects@DesktopMedionUbuntu:~/02-work/09-community/projects/taxanotes/myriatrix.taxanotes.net$ git push origin main
Enumerating objects: 509, done.
Counting objects: 100% (509/509), done.
Delta compression using up to 8 threads
Compressing objects: 100% (322/322), done.
Writing objects: 100% (326/326), 67.83 KiB | 3.57 MiB/s, done.
Total 326 (delta 243), reused 0 (delta 0), pack-reused 0
remote: Resolving deltas: 100% (243/243), completed with 154 local objects.
To github.com:taxanotes/myriatrix.taxanotes.net.git
   939f117..ab33bef  main -> main
robdavisprojects@DesktopMedionUbuntu:~/02-work/09-community/projects/taxanotes/myriatrix.taxanotes.net$ ddev poweroff
 Container ddev-myriatrix-dev-db  Stopped 
 Container ddev-myriatrix-dev-web  Stopped 
 Container ddev-myriatrix-dev-db  Stopped 
 Container ddev-myriatrix-dev-web  Stopped 
 Container ddev-myriatrix-dev-db  Removed 
 Container ddev-myriatrix-dev-web  Removed 
 Network ddev-myriatrix-dev_default  Removed 
Project myriatrix-dev has been stopped. 
 Container ddev-site1-db  Stopped 
 Container ddev-site1-web  Stopped 
 Container ddev-site1-db  Removed 
 Container ddev-site1-web  Removed 
 Network ddev-site1_default  Removed 
Project site1 has been stopped. 
 Container ddev-slnt-proto-web  Stopped 
 Container ddev-slnt-proto-db  Stopped 
 Container ddev-slnt-proto-db  Removed 
 Container ddev-slnt-proto-web  Removed 
 Network ddev-slnt-proto_default  Removed 
Project slnt-proto has been stopped. 
 Container ddev-thesolentmetropolitan-db  Stopped 
 Container ddev-thesolentmetropolitan-web  Stopped 
 Container ddev-thesolentmetropolitan-db  Removed 
 Container ddev-thesolentmetropolitan-web  Removed 
 Network ddev-thesolentmetropolitan_default  Removed 
Project thesolentmetropolitan has been stopped. 
The ddev-ssh-agent container has been removed. When you start it again you will have to use 'ddev auth ssh' to provide key authentication again. 
Network ddev_default removed 
robdavisprojects@DesktopMedionUbuntu:~/02-work/09-community/projects/taxanotes/myriatrix.taxanotes.net$ ddev start
Network ddev_default created 
Starting myriatrix-dev... 
Port 80 is busy, using 33000 instead, see https://ddev.com/s/port-conflict 
 Container ddev-ssh-agent  Created 
 Container ddev-ssh-agent  Started 
ssh-agent container is running: If you want to add authentication to the ssh-agent container, run 'ddev auth ssh' to enable your keys. 
Building project images.........
Project images built in 6s. 
 Network ddev-myriatrix-dev_default  Created 
 Container ddev-myriatrix-dev-web  Created 
 Container ddev-myriatrix-dev-db  Created 
 Container ddev-myriatrix-dev-web  Started 
 Container ddev-myriatrix-dev-db  Started 
Waiting for containers to become ready: [web db] 
Starting ddev-router if necessary... 
 Container ddev-router  Created 
 Container ddev-router  Started 
Successfully started myriatrix-dev 
Your project can be reached at https://myriatrix-dev.ddev.site
See 'ddev describe' for alternate URLs. 
robdavisprojects@DesktopMedionUbuntu:~/02-work/09-community/projects/taxanotes/myriatrix.taxanotes.net$ ddev drush cex
 [notice] The active configuration is identical to the configuration in the export directory (../config/sync).
../config/sync
robdavisprojects@DesktopMedionUbuntu:~/02-work/09-community/projects/taxanotes/myriatrix.taxanotes.net$ git status
On branch main
Your branch is up-to-date with 'origin/main'.

Changes not staged for commit:
  (use "git add <file>..." to update what will be committed)
  (use "git restore <file>..." to discard changes in working directory)
        modified:   .ddev/config.yaml

no changes added to commit (use "git add" and/or "git commit -a")
robdavisprojects@DesktopMedionUbuntu:~/02-work/09-community/projects/taxanotes/myriatrix.taxanotes.net$ git add .
robdavisprojects@DesktopMedionUbuntu:~/02-work/09-community/projects/taxanotes/myriatrix.taxanotes.net$ git commit -am "use php8.3 in prep for D11"
[main 7673f14] use php8.3 in prep for D11
 1 file changed, 1 insertion(+), 1 deletion(-)
robdavisprojects@DesktopMedionUbuntu:~/02-work/09-community/projects/taxanotes/myriatrix.taxanotes.net$ git push origin main
Enumerating objects: 7, done.
Counting objects: 100% (7/7), done.
Delta compression using up to 8 threads
Compressing objects: 100% (3/3), done.
Writing objects: 100% (4/4), 366 bytes | 366.00 KiB/s, done.
Total 4 (delta 2), reused 0 (delta 0), pack-reused 0
remote: Resolving deltas: 100% (2/2), completed with 2 local objects.
To github.com:taxanotes/myriatrix.taxanotes.net.git
   ab33bef..7673f14  main -> main
robdavisprojects@DesktopMedionUbuntu:~/02-work/09-community/projects/taxanotes/myriatrix.taxanotes.net$ ls
composer  composer.json  composer.lock  config  data-imports  docs  drush  README.md  tools  vendor  web
robdavisprojects@DesktopMedionUbuntu:~/02-work/09-community/projects/taxanotes/myriatrix.taxanotes.net$ cp .gitignore docs/drupal-11-upgrade/my_site_name/
robdavisprojects@DesktopMedionUbuntu:~/02-work/09-community/projects/taxanotes/myriatrix.taxanotes.net$ git status
On branch main
Your branch is up-to-date with 'origin/main'.

Untracked files:
  (use "git add <file>..." to include in what will be committed)
        docs/drupal-11-upgrade/my_site_name/

nothing added to commit but untracked files present (use "git add" to track)
robdavisprojects@DesktopMedionUbuntu:~/02-work/09-community/projects/taxanotes/myriatrix.taxanotes.net$ git status
On branch main
Your branch is up-to-date with 'origin/main'.

Untracked files:
  (use "git add <file>..." to include in what will be committed)
        docs/drupal-11-upgrade/Screenshot from 2025-11-01 02-48-18.png
        docs/drupal-11-upgrade/my_site_name/

nothing added to commit but untracked files present (use "git add" to track)
robdavisprojects@DesktopMedionUbuntu:~/02-work/09-community/projects/taxanotes/myriatrix.taxanotes.net$ git add .
robdavisprojects@DesktopMedionUbuntu:~/02-work/09-community/projects/taxanotes/myriatrix.taxanotes.net$ git commit -am "forcing latest D10 update by overwriting parts of composer.json"
[main 3d42298] forcing latest D10 update by overwriting parts of composer.json
 27 files changed, 7599 insertions(+)
 create mode 100644 docs/drupal-11-upgrade/Screenshot from 2025-11-01 02-48-18.png
 create mode 100644 docs/drupal-11-upgrade/my_site_name/.editorconfig
 create mode 100644 docs/drupal-11-upgrade/my_site_name/.gitattributes
 create mode 100644 docs/drupal-11-upgrade/my_site_name/.gitignore
 create mode 100644 docs/drupal-11-upgrade/my_site_name/composer.json
 create mode 100644 docs/drupal-11-upgrade/my_site_name/composer.lock
 create mode 100644 docs/drupal-11-upgrade/my_site_name/web/.eslintignore
 create mode 100644 docs/drupal-11-upgrade/my_site_name/web/.eslintrc.json
 create mode 100644 docs/drupal-11-upgrade/my_site_name/web/.ht.router.php
 create mode 100644 docs/drupal-11-upgrade/my_site_name/web/.htaccess
 create mode 100644 docs/drupal-11-upgrade/my_site_name/web/INSTALL.txt
 create mode 100644 docs/drupal-11-upgrade/my_site_name/web/README.md
 create mode 100644 docs/drupal-11-upgrade/my_site_name/web/autoload.php
 create mode 100644 docs/drupal-11-upgrade/my_site_name/web/example.gitignore
 create mode 100644 docs/drupal-11-upgrade/my_site_name/web/index.php
 create mode 100644 docs/drupal-11-upgrade/my_site_name/web/modules/README.txt
 create mode 100644 docs/drupal-11-upgrade/my_site_name/web/profiles/README.txt
 create mode 100644 docs/drupal-11-upgrade/my_site_name/web/robots.txt
 create mode 100644 docs/drupal-11-upgrade/my_site_name/web/sites/README.txt
 create mode 100644 docs/drupal-11-upgrade/my_site_name/web/sites/default/default.services.yml
 create mode 100644 docs/drupal-11-upgrade/my_site_name/web/sites/default/default.settings.php
 create mode 100644 docs/drupal-11-upgrade/my_site_name/web/sites/development.services.yml
 create mode 100644 docs/drupal-11-upgrade/my_site_name/web/sites/example.settings.local.php
 create mode 100644 docs/drupal-11-upgrade/my_site_name/web/sites/example.sites.php
 create mode 100644 docs/drupal-11-upgrade/my_site_name/web/themes/README.txt
 create mode 100644 docs/drupal-11-upgrade/my_site_name/web/update.php
 create mode 100644 docs/drupal-11-upgrade/my_site_name/web/web.config
robdavisprojects@DesktopMedionUbuntu:~/02-work/09-community/projects/taxanotes/myriatrix.taxanotes.net$ git status
On branch main
Your branch is ahead of 'origin/main' by 1 commit.
  (use "git push" to publish your local commits)

nothing to commit, working tree clean
robdavisprojects@DesktopMedionUbuntu:~/02-work/09-community/projects/taxanotes/myriatrix.taxanotes.net$ git status
On branch main
Your branch is ahead of 'origin/main' by 1 commit.
  (use "git push" to publish your local commits)

nothing to commit, working tree clean
robdavisprojects@DesktopMedionUbuntu:~/02-work/09-community/projects/taxanotes/myriatrix.taxanotes.net$ git push origin main
Enumerating objects: 38, done.
Counting objects: 100% (38/38), done.
Delta compression using up to 8 threads
Compressing objects: 100% (30/30), done.
Writing objects: 100% (35/35), 240.71 KiB | 3.44 MiB/s, done.
Total 35 (delta 4), reused 8 (delta 1), pack-reused 0
remote: Resolving deltas: 100% (4/4), completed with 2 local objects.
To github.com:taxanotes/myriatrix.taxanotes.net.git
   7673f14..3d42298  main -> main
robdavisprojects@DesktopMedionUbuntu:~/02-work/09-community/projects/taxanotes/myriatrix.taxanotes.net$ ddev composer require 'drupal/core-recommended:^11' 'drupal/core-composer-scaffold:^11' 'drupal/core-project-message:^11' --update-with-dependencies --no-update
./composer.json has been updated
robdavisprojects@DesktopMedionUbuntu:~/02-work/09-community/projects/taxanotes/myriatrix.taxanotes.net$ ddev composer require 'drupal/core-dev:^11' --dev --update-with-dependencies --no-update
# If you have Drush installed (check recommended version)
./composer.json has been updated
robdavisprojects@DesktopMedionUbuntu:~/02-work/09-community/projects/taxanotes/myriatrix.taxanotes.net$ ddev composer require 'drush/drush:^13' --no-update
./composer.json has been updated
robdavisprojects@DesktopMedionUbuntu:~/02-work/09-community/projects/taxanotes/myriatrix.taxanotes.net$ ddev composer update
Loading composer repositories with package information
Updating dependencies
Lock file operations: 91 installs, 44 updates, 1 removal
  - Removing consolidation/self-update (2.2.0)
  - Locking behat/mink (v1.12.0)
  - Locking behat/mink-browserkit-driver (v2.2.0)
  - Locking brick/math (0.14.0)
  - Upgrading chi-teck/drupal-code-generator (3.6.1 => 4.2.0)
  - Locking colinodell/psr-testlogger (v1.3.0)
  - Locking composer/ca-bundle (1.5.8)
  - Locking composer/class-map-generator (1.6.2)
  - Locking composer/composer (2.8.12)
  - Locking composer/metadata-minifier (1.0.0)
  - Locking composer/pcre (3.3.2)
  - Locking composer/spdx-licenses (1.5.9)
  - Locking composer/xdebug-handler (3.0.5)
  - Upgrading consolidation/config (2.1.2 => 3.1.1)
  - Upgrading consolidation/robo (4.0.6 => 5.1.0)
  - Locking dealerdirect/phpcodesniffer-composer-installer (v1.1.2)
  - Upgrading doctrine/annotations (1.14.4 => 2.0.2)
  - Locking doctrine/instantiator (2.0.0)
  - Locking drupal/coder (8.3.31)
  - Upgrading drupal/core (10.5.4 => 11.2.5)
  - Upgrading drupal/core-composer-scaffold (10.5.4 => 11.2.5)
  - Locking drupal/core-dev (11.2.5)
  - Upgrading drupal/core-project-message (10.5.4 => 11.2.5)
  - Upgrading drupal/core-recommended (10.5.4 => 11.2.5)
  - Downgrading drupal/gin (3.1.0 => 3.0.0)
  - Downgrading drupal/gin_toolbar (1.1.0 => 1.0.0)
  - Upgrading drupal/migrate_plus (6.0.5 => 6.0.8)
  - Upgrading drush/drush (12.5.3 => 13.6.2)
  - Locking google/protobuf (v4.33.0)
  - Locking justinrainbow/json-schema (6.6.0)
  - Locking laravel/prompts (v0.3.7)
  - Locking lullabot/mink-selenium2-driver (v1.7.4)
  - Locking lullabot/php-webdriver (v2.0.7)
  - Locking marc-mabe/php-enum (v4.7.2)
  - Locking mglaman/phpstan-drupal (2.0.10)
  - Locking micheh/phpcs-gitlab (2.1.0)
  - Locking mikey179/vfsstream (v1.6.12)
  - Locking myclabs/deep-copy (1.13.4)
  - Locking nyholm/psr7-server (1.1.0)
  - Locking open-telemetry/api (1.7.0)
  - Locking open-telemetry/context (1.4.0)
  - Locking open-telemetry/exporter-otlp (1.3.2)
  - Locking open-telemetry/gen-otlp-protobuf (1.8.0)
  - Locking open-telemetry/sdk (1.9.0)
  - Locking open-telemetry/sem-conv (1.37.0)
  - Locking phar-io/manifest (2.0.4)
  - Locking phar-io/version (3.2.1)
  - Locking php-http/discovery (1.20.0)
  - Locking php-http/guzzle7-adapter (1.1.0)
  - Locking php-http/httplug (2.4.1)
  - Locking php-http/promise (1.3.1)
  - Locking php-tuf/composer-stager (v2.0.1)
  - Locking phpdocumentor/reflection-common (2.2.0)
  - Locking phpdocumentor/reflection-docblock (5.6.3)
  - Locking phpdocumentor/type-resolver (1.10.0)
  - Locking phpspec/prophecy (v1.23.1)
  - Locking phpspec/prophecy-phpunit (v2.4.0)
  - Locking phpstan/extension-installer (1.4.3)
  - Locking phpstan/phpdoc-parser (2.3.0)
  - Locking phpstan/phpstan (2.1.31)
  - Locking phpstan/phpstan-deprecation-rules (2.0.3)
  - Locking phpstan/phpstan-phpunit (2.0.7)
  - Locking phpunit/php-code-coverage (11.0.11)
  - Locking phpunit/php-file-iterator (5.1.0)
  - Locking phpunit/php-invoker (5.0.1)
  - Locking phpunit/php-text-template (4.0.1)
  - Locking phpunit/php-timer (7.0.1)
  - Locking phpunit/phpunit (11.5.43)
  - Locking ramsey/collection (2.1.1)
  - Locking ramsey/uuid (4.9.1)
  - Locking react/promise (v3.3.0)
  - Locking revolt/event-loop (v1.0.7)
  - Locking sebastian/cli-parser (3.0.2)
  - Locking sebastian/code-unit (3.0.3)
  - Locking sebastian/code-unit-reverse-lookup (4.0.1)
  - Locking sebastian/comparator (6.3.2)
  - Locking sebastian/complexity (4.0.1)
  - Upgrading sebastian/diff (4.0.6 => 6.0.2)
  - Locking sebastian/environment (7.2.1)
  - Locking sebastian/exporter (6.3.2)
  - Locking sebastian/global-state (7.0.2)
  - Locking sebastian/lines-of-code (3.0.1)
  - Locking sebastian/object-enumerator (6.0.1)
  - Locking sebastian/object-reflector (4.0.1)
  - Locking sebastian/recursion-context (6.0.3)
  - Locking sebastian/type (5.1.3)
  - Locking sebastian/version (5.0.2)
  - Locking seld/jsonlint (1.11.0)
  - Locking seld/phar-utils (1.2.1)
  - Locking seld/signal-handler (2.0.2)
  - Locking sirbrillig/phpcs-variable-analysis (v2.13.0)
  - Locking slevomat/coding-standard (8.22.1)
  - Locking squizlabs/php_codesniffer (3.13.4)
  - Locking staabm/side-effects-detector (1.0.5)
  - Locking symfony/browser-kit (v7.3.2)
  - Upgrading symfony/console (v6.4.27 => v7.3.5)
  - Locking symfony/css-selector (v7.3.0)
  - Upgrading symfony/dependency-injection (v6.4.26 => v7.3.4)
  - Upgrading symfony/deprecation-contracts (v3.5.1 => v3.6.0)
  - Locking symfony/dom-crawler (v7.3.3)
  - Upgrading symfony/error-handler (v6.4.26 => v7.3.4)
  - Upgrading symfony/event-dispatcher (v6.4.25 => v7.3.3)
  - Upgrading symfony/event-dispatcher-contracts (v3.5.1 => v3.6.0)
  - Upgrading symfony/filesystem (v6.4.24 => v7.3.2)
  - Upgrading symfony/finder (v6.4.27 => v7.3.5)
  - Upgrading symfony/http-foundation (v6.4.26 => v7.3.5)
  - Upgrading symfony/http-kernel (v6.4.27 => v7.3.5)
  - Locking symfony/lock (v7.3.4)
  - Upgrading symfony/mailer (v6.4.27 => v7.3.5)
  - Upgrading symfony/mime (v6.4.26 => v7.3.4)
  - Upgrading symfony/polyfill-ctype (v1.31.0 => v1.32.0)
  - Upgrading symfony/polyfill-iconv (v1.31.0 => v1.32.0)
  - Upgrading symfony/polyfill-intl-grapheme (v1.31.0 => v1.32.0)
  - Upgrading symfony/polyfill-intl-idn (v1.31.0 => v1.32.0)
  - Upgrading symfony/polyfill-intl-normalizer (v1.31.0 => v1.32.0)
  - Upgrading symfony/polyfill-mbstring (v1.31.0 => v1.32.0)
  - Locking symfony/polyfill-php73 (v1.33.0)
  - Locking symfony/polyfill-php80 (v1.33.0)
  - Locking symfony/polyfill-php82 (v1.33.0)
  - Upgrading symfony/polyfill-php83 (v1.31.0 => v1.33.0)
  - Locking symfony/polyfill-php84 (v1.32.0)
  - Upgrading symfony/process (v6.4.26 => v7.3.4)
  - Upgrading symfony/psr-http-message-bridge (v6.4.24 => v7.3.0)
  - Upgrading symfony/routing (v6.4.26 => v7.3.4)
  - Upgrading symfony/serializer (v6.4.27 => v7.3.5)
  - Upgrading symfony/service-contracts (v3.5.1 => v3.6.0)
  - Upgrading symfony/string (v6.4.26 => v7.3.4)
  - Upgrading symfony/translation-contracts (v3.5.1 => v3.6.0)
  - Upgrading symfony/validator (v6.4.27 => v7.3.5)
  - Upgrading symfony/var-dumper (v6.4.26 => v7.3.5)
  - Upgrading symfony/var-exporter (v6.4.26 => v7.3.4)
  - Upgrading symfony/yaml (v6.4.26 => v7.3.5)
  - Locking tbachert/spi (v1.0.5)
  - Locking theseer/tokenizer (1.2.3)
  - Upgrading twig/twig (v3.20.0 => v3.21.1)
  - Locking webmozart/assert (1.12.1)
Writing lock file
Installing dependencies from lock file (including require-dev)
Package operations: 91 installs, 44 updates, 1 removal
  - Downloading php-http/discovery (1.20.0)
  - Downloading phpstan/phpstan (2.1.31)
  - Downloading phpstan/extension-installer (1.4.3)
  - Downloading tbachert/spi (v1.0.5)
  - Downloading squizlabs/php_codesniffer (3.13.4)
  - Downloading dealerdirect/phpcodesniffer-composer-installer (v1.1.2)
  - Downloading composer/ca-bundle (1.5.8)
  - Downloading symfony/finder (v7.3.5)
  - Downloading composer/pcre (3.3.2)
  - Downloading composer/class-map-generator (1.6.2)
  - Downloading composer/metadata-minifier (1.0.0)
  - Downloading composer/spdx-licenses (1.5.9)
  - Downloading composer/xdebug-handler (3.0.5)
  - Downloading symfony/string (v7.3.4)
  - Downloading symfony/console (v7.3.5)
  - Downloading doctrine/instantiator (2.0.0)
  - Downloading symfony/var-dumper (v7.3.5)
  - Downloading symfony/lock (v7.3.4)
  - Downloading symfony/error-handler (v7.3.4)
  - Downloading symfony/dom-crawler (v7.3.3)
  - Downloading symfony/css-selector (v7.3.0)
  - Downloading symfony/browser-kit (v7.3.2)
  - Downloading staabm/side-effects-detector (1.0.5)
  - Downloading sebastian/version (5.0.2)
  - Downloading sebastian/type (5.1.3)
  - Downloading sebastian/recursion-context (6.0.3)
  - Downloading sebastian/object-reflector (4.0.1)
  - Downloading sebastian/object-enumerator (6.0.1)
  - Downloading sebastian/global-state (7.0.2)
  - Downloading sebastian/exporter (6.3.2)
  - Downloading sebastian/environment (7.2.1)
  - Downloading sebastian/comparator (6.3.2)
  - Downloading sebastian/code-unit (3.0.3)
  - Downloading sebastian/cli-parser (3.0.2)
  - Downloading phpunit/php-timer (7.0.1)
  - Downloading phpunit/php-text-template (4.0.1)
  - Downloading phpunit/php-invoker (5.0.1)
  - Downloading phpunit/php-file-iterator (5.1.0)
  - Downloading theseer/tokenizer (1.2.3)
  - Downloading sebastian/lines-of-code (3.0.1)
  - Downloading sebastian/complexity (4.0.1)
  - Downloading sebastian/code-unit-reverse-lookup (4.0.1)
  - Downloading phpunit/php-code-coverage (11.0.11)
  - Downloading phar-io/version (3.2.1)
  - Downloading phar-io/manifest (2.0.4)
  - Downloading myclabs/deep-copy (1.13.4)
  - Downloading phpunit/phpunit (11.5.43)
  - Downloading phpstan/phpstan-phpunit (2.0.7)
  - Downloading webmozart/assert (1.12.1)
  - Downloading phpstan/phpdoc-parser (2.3.0)
  - Downloading phpdocumentor/reflection-common (2.2.0)
  - Downloading phpdocumentor/type-resolver (1.10.0)
  - Downloading phpdocumentor/reflection-docblock (5.6.3)
  - Downloading phpspec/prophecy (v1.23.1)
  - Downloading phpspec/prophecy-phpunit (v2.4.0)
  - Downloading php-http/promise (1.3.1)
  - Downloading php-http/httplug (2.4.1)
  - Downloading php-http/guzzle7-adapter (1.1.0)
  - Downloading symfony/polyfill-php82 (v1.33.0)
  - Downloading ramsey/collection (2.1.1)
  - Downloading brick/math (0.14.0)
  - Downloading ramsey/uuid (4.9.1)
  - Downloading open-telemetry/sem-conv (1.37.0)
  - Downloading open-telemetry/context (1.4.0)
  - Downloading open-telemetry/api (1.7.0)
  - Downloading nyholm/psr7-server (1.1.0)
  - Downloading open-telemetry/sdk (1.9.0)
  - Downloading google/protobuf (v4.33.0)
  - Downloading open-telemetry/gen-otlp-protobuf (1.8.0)
  - Downloading open-telemetry/exporter-otlp (1.3.2)
  - Downloading mikey179/vfsstream (v1.6.12)
  - Downloading micheh/phpcs-gitlab (2.1.0)
  - Downloading symfony/yaml (v7.3.5)
  - Downloading mglaman/phpstan-drupal (2.0.10)
  - Downloading lullabot/php-webdriver (v2.0.7)
  - Downloading behat/mink (v1.12.0)
  - Downloading lullabot/mink-selenium2-driver (v1.7.4)
  - Downloading marc-mabe/php-enum (v4.7.2)
  - Downloading justinrainbow/json-schema (6.6.0)
  - Downloading slevomat/coding-standard (8.22.1)
  - Downloading sirbrillig/phpcs-variable-analysis (v2.13.0)
  - Downloading drupal/coder (8.3.31)
  - Downloading symfony/process (v7.3.4)
  - Downloading symfony/filesystem (v7.3.2)
  - Downloading seld/signal-handler (2.0.2)
  - Downloading seld/phar-utils (1.2.1)
  - Downloading seld/jsonlint (1.11.0)
  - Downloading react/promise (v3.3.0)
  - Downloading composer/composer (2.8.12)
  - Downloading colinodell/psr-testlogger (v1.3.0)
  - Downloading behat/mink-browserkit-driver (v2.2.0)
  - Downloading symfony/var-exporter (v7.3.4)
  - Downloading symfony/polyfill-php83 (v1.33.0)
  - Downloading symfony/validator (v7.3.5)
  - Downloading symfony/serializer (v7.3.5)
  - Downloading symfony/routing (v7.3.4)
  - Downloading symfony/http-foundation (v7.3.5)
  - Downloading symfony/mime (v7.3.4)
  - Downloading symfony/event-dispatcher (v7.3.3)
  - Downloading symfony/mailer (v7.3.5)
  - Downloading symfony/http-kernel (v7.3.5)
  - Downloading symfony/dependency-injection (v7.3.4)
  - Downloading drupal/core (11.2.5)
  - Downloading drupal/gin_toolbar (1.0.0)
  - Downloading drupal/gin (3.0.0)
  - Downloading drupal/migrate_plus (6.0.8)
  - Downloading laravel/prompts (v0.3.7)
  - Downloading drush/drush (13.6.2)
  - Removing consolidation/self-update (2.2.0)
  - Upgrading drupal/core-composer-scaffold (10.5.4 => 11.2.5): Extracting archive
  - Installing php-http/discovery (1.20.0): Extracting archive
  - Upgrading drupal/core-project-message (10.5.4 => 11.2.5): Extracting archive
  - Installing phpstan/phpstan (2.1.31): Extracting archive
  - Installing phpstan/extension-installer (1.4.3): Extracting archive
tbachert/spi contains a Composer plugin which is currently not in your allow-plugins config. See https://getcomposer.org/allow-plugins
Do you trust "tbachert/spi" to execute code and wish to enable it now? (writes "allow-plugins" to composer.json) [y,n,d,?] y
  - Installing tbachert/spi (v1.0.5): Extracting archive
  - Installing squizlabs/php_codesniffer (3.13.4): Extracting archive
  - Installing dealerdirect/phpcodesniffer-composer-installer (v1.1.2): Extracting archive
  - Installing composer/ca-bundle (1.5.8): Extracting archive
  - Upgrading symfony/finder (v6.4.27 => v7.3.5): Extracting archive
  - Installing composer/pcre (3.3.2): Extracting archive
  - Installing composer/class-map-generator (1.6.2): Extracting archive
  - Installing composer/metadata-minifier (1.0.0): Extracting archive
  - Installing composer/spdx-licenses (1.5.9): Extracting archive
  - Installing composer/xdebug-handler (3.0.5): Extracting archive
  - Upgrading symfony/polyfill-iconv (v1.31.0 => v1.32.0): Extracting archive
  - Upgrading symfony/polyfill-mbstring (v1.31.0 => v1.32.0): Extracting archive
  - Upgrading symfony/polyfill-intl-normalizer (v1.31.0 => v1.32.0): Extracting archive
  - Upgrading symfony/polyfill-intl-grapheme (v1.31.0 => v1.32.0): Extracting archive
  - Upgrading symfony/polyfill-ctype (v1.31.0 => v1.32.0): Extracting archive
  - Upgrading symfony/string (v6.4.26 => v7.3.4): Extracting archive
  - Upgrading symfony/deprecation-contracts (v3.5.1 => v3.6.0): Extracting archive
  - Upgrading symfony/service-contracts (v3.5.1 => v3.6.0): Extracting archive
  - Upgrading symfony/console (v6.4.27 => v7.3.5): Extracting archive
  - Installing doctrine/instantiator (2.0.0): Extracting archive
  - Upgrading symfony/var-dumper (v6.4.26 => v7.3.5): Extracting archive
  - Installing symfony/lock (v7.3.4): Extracting archive
  - Upgrading symfony/error-handler (v6.4.26 => v7.3.4): Extracting archive
  - Installing symfony/dom-crawler (v7.3.3): Extracting archive
  - Installing symfony/css-selector (v7.3.0): Extracting archive
  - Installing symfony/browser-kit (v7.3.2): Extracting archive
  - Installing staabm/side-effects-detector (1.0.5): Extracting archive
  - Installing sebastian/version (5.0.2): Extracting archive
  - Installing sebastian/type (5.1.3): Extracting archive
  - Installing sebastian/recursion-context (6.0.3): Extracting archive
  - Installing sebastian/object-reflector (4.0.1): Extracting archive
  - Installing sebastian/object-enumerator (6.0.1): Extracting archive
  - Installing sebastian/global-state (7.0.2): Extracting archive
  - Installing sebastian/exporter (6.3.2): Extracting archive
  - Installing sebastian/environment (7.2.1): Extracting archive
  - Upgrading sebastian/diff (4.0.6 => 6.0.2): Extracting archive
  - Installing sebastian/comparator (6.3.2): Extracting archive
  - Installing sebastian/code-unit (3.0.3): Extracting archive
  - Installing sebastian/cli-parser (3.0.2): Extracting archive
  - Installing phpunit/php-timer (7.0.1): Extracting archive
  - Installing phpunit/php-text-template (4.0.1): Extracting archive
  - Installing phpunit/php-invoker (5.0.1): Extracting archive
  - Installing phpunit/php-file-iterator (5.1.0): Extracting archive
  - Installing theseer/tokenizer (1.2.3): Extracting archive
  - Installing sebastian/lines-of-code (3.0.1): Extracting archive
  - Installing sebastian/complexity (4.0.1): Extracting archive
  - Installing sebastian/code-unit-reverse-lookup (4.0.1): Extracting archive
  - Installing phpunit/php-code-coverage (11.0.11): Extracting archive
  - Installing phar-io/version (3.2.1): Extracting archive
  - Installing phar-io/manifest (2.0.4): Extracting archive
  - Installing myclabs/deep-copy (1.13.4): Extracting archive
  - Installing phpunit/phpunit (11.5.43): Extracting archive
  - Installing phpstan/phpstan-phpunit (2.0.7): Extracting archive
  - Installing webmozart/assert (1.12.1): Extracting archive
  - Installing phpstan/phpdoc-parser (2.3.0): Extracting archive
  - Installing phpdocumentor/reflection-common (2.2.0): Extracting archive
  - Installing phpdocumentor/type-resolver (1.10.0): Extracting archive
  - Installing phpdocumentor/reflection-docblock (5.6.3): Extracting archive
  - Installing phpspec/prophecy (v1.23.1): Extracting archive
  - Installing phpspec/prophecy-phpunit (v2.4.0): Extracting archive
  - Installing php-http/promise (1.3.1): Extracting archive
  - Installing php-http/httplug (2.4.1): Extracting archive
  - Installing php-http/guzzle7-adapter (1.1.0): Extracting archive
  - Installing symfony/polyfill-php82 (v1.33.0): Extracting archive
  - Installing ramsey/collection (2.1.1): Extracting archive
  - Installing brick/math (0.14.0): Extracting archive
  - Installing ramsey/uuid (4.9.1): Extracting archive
  - Installing open-telemetry/sem-conv (1.37.0): Extracting archive
  - Installing open-telemetry/context (1.4.0): Extracting archive
  - Installing open-telemetry/api (1.7.0): Extracting archive
  - Installing nyholm/psr7-server (1.1.0): Extracting archive
  - Installing open-telemetry/sdk (1.9.0): Extracting archive
  - Installing google/protobuf (v4.33.0): Extracting archive
  - Installing open-telemetry/gen-otlp-protobuf (1.8.0): Extracting archive
  - Installing open-telemetry/exporter-otlp (1.3.2): Extracting archive
  - Installing mikey179/vfsstream (v1.6.12): Extracting archive
  - Installing micheh/phpcs-gitlab (2.1.0): Extracting archive
  - Upgrading symfony/yaml (v6.4.26 => v7.3.5): Extracting archive
  - Installing phpstan/phpstan-deprecation-rules (2.0.3): Extracting archive
  - Installing mglaman/phpstan-drupal (2.0.10): Extracting archive
  - Installing lullabot/php-webdriver (v2.0.7): Extracting archive
  - Installing behat/mink (v1.12.0): Extracting archive
  - Installing lullabot/mink-selenium2-driver (v1.7.4): Extracting archive
  - Installing marc-mabe/php-enum (v4.7.2): Extracting archive
  - Installing justinrainbow/json-schema (6.6.0): Extracting archive
  - Installing slevomat/coding-standard (8.22.1): Extracting archive
  - Installing sirbrillig/phpcs-variable-analysis (v2.13.0): Extracting archive
  - Installing drupal/coder (8.3.31): Extracting archive
  - Upgrading symfony/process (v6.4.26 => v7.3.4): Extracting archive
  - Installing symfony/polyfill-php80 (v1.33.0): Extracting archive
  - Installing symfony/polyfill-php73 (v1.33.0): Extracting archive
  - Upgrading symfony/filesystem (v6.4.24 => v7.3.2): Extracting archive
  - Installing seld/signal-handler (2.0.2): Extracting archive
  - Installing seld/phar-utils (1.2.1): Extracting archive
  - Installing seld/jsonlint (1.11.0): Extracting archive
  - Installing react/promise (v3.3.0): Extracting archive
  - Installing composer/composer (2.8.12): Extracting archive
  - Installing colinodell/psr-testlogger (v1.3.0): Extracting archive
  - Installing behat/mink-browserkit-driver (v2.2.0): Extracting archive
  - Installing drupal/core-dev (11.2.5)
  - Upgrading twig/twig (v3.20.0 => v3.21.1): Extracting archive
  - Upgrading symfony/var-exporter (v6.4.26 => v7.3.4): Extracting archive
  - Upgrading symfony/translation-contracts (v3.5.1 => v3.6.0): Extracting archive
  - Upgrading symfony/polyfill-php83 (v1.31.0 => v1.33.0): Extracting archive
  - Upgrading symfony/validator (v6.4.27 => v7.3.5): Extracting archive
  - Installing symfony/polyfill-php84 (v1.32.0): Extracting archive
  - Upgrading symfony/serializer (v6.4.27 => v7.3.5): Extracting archive
  - Upgrading symfony/routing (v6.4.26 => v7.3.4): Extracting archive
  - Upgrading symfony/http-foundation (v6.4.26 => v7.3.5): Extracting archive
  - Upgrading symfony/psr-http-message-bridge (v6.4.24 => v7.3.0): Extracting archive
  - Upgrading symfony/polyfill-intl-idn (v1.31.0 => v1.32.0): Extracting archive
  - Upgrading symfony/mime (v6.4.26 => v7.3.4): Extracting archive
  - Upgrading symfony/event-dispatcher-contracts (v3.5.1 => v3.6.0): Extracting archive
  - Upgrading symfony/event-dispatcher (v6.4.25 => v7.3.3): Extracting archive
  - Upgrading symfony/mailer (v6.4.27 => v7.3.5): Extracting archive
  - Upgrading symfony/http-kernel (v6.4.27 => v7.3.5): Extracting archive
  - Upgrading symfony/dependency-injection (v6.4.26 => v7.3.4): Extracting archive
  - Installing revolt/event-loop (v1.0.7): Extracting archive
  - Installing php-tuf/composer-stager (v2.0.1): Extracting archive
  - Upgrading doctrine/annotations (1.14.4 => 2.0.2): Extracting archive
  - Upgrading drupal/core (10.5.4 => 11.2.5): Extracting archive
  - Upgrading drupal/core-recommended (10.5.4 => 11.2.5)
  - Downgrading drupal/gin_toolbar (1.1.0 => 1.0.0): Extracting archive
  - Downgrading drupal/gin (3.1.0 => 3.0.0): Extracting archive
  - Upgrading drupal/migrate_plus (6.0.5 => 6.0.8): Extracting archive
  - Installing laravel/prompts (v0.3.7): Extracting archive
  - Upgrading consolidation/config (2.1.2 => 3.1.1): Extracting archive
  - Upgrading consolidation/robo (4.0.6 => 5.1.0): Extracting archive
  - Upgrading chi-teck/drupal-code-generator (3.6.1 => 4.2.0): Extracting archive
  - Upgrading drush/drush (12.5.3 => 13.6.2): Extracting archive
13 package suggestions were added by new dependencies, use `composer suggest` to see details.
Package doctrine/annotations is abandoned, you should avoid using it. No replacement was suggested.
Generating autoload files
95 packages you are using are looking for funding.
Use the `composer fund` command to find out more!
Scaffolding files for drupal/core:
  - Copy [web-root]/.htaccess from assets/scaffold/files/htaccess
  - Copy [web-root]/robots.txt from assets/scaffold/files/robots.txt
  - Copy [web-root]/.ht.router.php from assets/scaffold/files/ht.router.php
  - Copy [project-root]/.gitattributes from assets/scaffold/files/gitattributes
  - Copy [project-root]/recipes/README.txt from assets/scaffold/files/recipes.README.txt
  - Copy [web-root]/sites/development.services.yml from assets/scaffold/files/development.services.yml
  - Copy [web-root]/sites/default/default.services.yml from assets/scaffold/files/default.services.yml
  - Copy [web-root]/sites/default/default.settings.php from assets/scaffold/files/default.settings.php
phpstan/extension-installer: Extensions installed
> composer/composer: installed
> composer/pcre: installed
> mglaman/phpstan-drupal: installed
> phpstan/phpstan-deprecation-rules: installed
> phpstan/phpstan-phpunit: installed
PHP CodeSniffer Config installed_paths set to ../../drupal/coder/coder_sniffer,../../sirbrillig/phpcs-variable-analysis,../../slevomat/coding-standard
No security vulnerability advisories found.
robdavisprojects@DesktopMedionUbuntu:~/02-work/09-community/projects/taxanotes/myriatrix.taxanotes.net$ ddev drush cr -y
 [success] Cache rebuild complete.
robdavisprojects@DesktopMedionUbuntu:~/02-work/09-community/projects/taxanotes/myriatrix.taxanotes.net$ ddev drush updb
 [warning]  * The database server version /10.4.34-MariaDB-1:10.4.34+maria~ubu2004-log/
   is less than the minimum required version /10.6/.

 (Currently using Database system version 10.4.34-MariaDB-1:10.4.34+maria~ubu2004-log
)
 [warning] Drupal requires databases that support JSON storage.
 (Currently using Database support for JSON Available
)
 [warning]  (Currently using Incompatible module The following module is installed, but it is incompatible with Drupal 11.2.5:
 * anthophila_import

Review the  suggestions for resolving this incompatibility [1] to repair your  
installation, and then re-run update.php.

[1] https://www.drupal.org/docs/updating-drupal/troubleshooting-database-updates
)
 [warning]  (Currently using Removed core module You must add the following contributed module and reload this page.
 * Tour [1]

This module is installed on your site but is no longer provided by Core.
For more information read the documentation on deprecated modules. [2]

[1] https://www.drupal.org/project/tour
[2] https://www.drupal.org/node/3223395#s-recommendations-for-deprecated-modules
)

  Requirements check reports errors. Do you wish to continue? 
  Yes                                                          
 

 ------------ ----------------------------------------------------- --------------- ----------------------------------------------------------------------- 
  Module       Update ID                                             Type            Description                                                            
 ------------ ----------------------------------------------------- --------------- ----------------------------------------------------------------------- 
  system       11001                                                 hook_update_n   11001 - Update length of menu_tree fields url and route_param_key      
                                                                                     from 255 to 2048.                                                      
  system       11100                                                 hook_update_n   11100 - Invalidate container because the module handler has changed.   
  system       11102                                                 hook_update_n   11102 - Equivalent update to 10400.                                    
  system       11200                                                 hook_update_n   11200 - Add a [time] column to the {simpletest} table, if existing.    
  system       11201                                                 hook_update_n   11201 - Add the [alias] field to the {router} table.                   
  block        make_weight_integer                                   post-update     Ensures that all block weights are integers.                           
  block        set_menu_block_depth_to_null_if_zero                  post-update     Updates the `depth` setting to NULL if it is 0 in any menu blocks.     
  file         add_playsinline                                       post-update     Adds a value for the 'playsinline' setting of the 'file_video'         
                                                                                     formatter.                                                             
  path_alias   update_path_alias_revision_indexes                    post-update     Update the path_alias_revision indices.                                
  search       block_with_empty_page_id                              post-update     Updates Search Blocks' without an explicit `page_id` from '' to NULL.  
  system       convert_empty_description_entity_form_modes_to_null   post-update     Updates entity_form_mode descriptions from empty string to null.       
  system       remove_path_key                                       post-update     Remove path key in system.file.                                        
  system       remove_rss_cdata_subscriber                           post-update     Rebuild the container to fix HTML in RSS feeds.                        
  system       sdc_uninstall                                         post-update     Uninstall the sdc module if installed.                                 
  views        block_items_per_page                                  post-update     Defaults `items_per_page` to NULL in Views blocks.                     
  views        table_css_class                                       post-update     Adds a default table CSS class.                                        
  views        update_remember_role_empty                            post-update     Clean-up empty remember_roles display settings for views filters.      
 ------------ ----------------------------------------------------- --------------- ----------------------------------------------------------------------- 


  Do you wish to run the specified pending updates? 
  Yes                                                          
 

 [notice] Module tour has an entry in the system.schema key/value storage, but is missing from your site. <a href="https://www.drupal.org/node/3137656">More information about this error</a>.
>  [notice] Update started: system_update_11001
>  [notice] Update completed: system_update_11001
>  [notice] Update started: system_update_11100
>  [notice] Update completed: system_update_11100
>  [notice] Update 11102 for the system module has been skipped because the equivalent change was already made in update 10400.
>  [notice] Update completed: system_update_11102
>  [notice] Update started: system_update_11200
>  [notice] Update completed: system_update_11200
>  [notice] Update started: system_update_11201
>  [notice] Update completed: system_update_11201
>  [notice] Update started: block_post_update_make_weight_integer
>  [notice] Update completed: block_post_update_make_weight_integer
>  [notice] Update started: block_post_update_set_menu_block_depth_to_null_if_zero
>  [notice] Update completed: block_post_update_set_menu_block_depth_to_null_if_zero
>  [notice] Update started: file_post_update_add_playsinline
>  [notice] Update completed: file_post_update_add_playsinline
>  [notice] Update started: path_alias_post_update_update_path_alias_revision_indexes
>  [notice] Update completed: path_alias_post_update_update_path_alias_revision_indexes
>  [notice] Update started: search_post_update_block_with_empty_page_id
>  [notice] Update completed: search_post_update_block_with_empty_page_id
>  [notice] Update started: system_post_update_convert_empty_description_entity_form_modes_to_null
>  [notice] Update completed: system_post_update_convert_empty_description_entity_form_modes_to_null
>  [notice] Update started: system_post_update_remove_path_key
>  [notice] Update completed: system_post_update_remove_path_key
>  [notice] Update started: system_post_update_remove_rss_cdata_subscriber
>  [notice] Update completed: system_post_update_remove_rss_cdata_subscriber
>  [notice] Update started: system_post_update_sdc_uninstall
>  [notice] Update completed: system_post_update_sdc_uninstall
>  [notice] Update started: views_post_update_block_items_per_page
>  [notice] Update completed: views_post_update_block_items_per_page
>  [notice] Update started: views_post_update_table_css_class
>  [notice] Update completed: views_post_update_table_css_class
>  [notice] Update started: views_post_update_update_remember_role_empty
>  [notice] Update completed: views_post_update_update_remember_role_empty
 [success] Finished performing updates.
robdavisprojects@DesktopMedionUbuntu:~/02-work/09-community/projects/taxanotes/myriatrix.taxanotes.net$ ddev drush cex -y
 [notice] Differences of the active config to the export directory:
+------------+----------------------------------------+-----------+
| Collection | Config                                 | Operation |
+------------+----------------------------------------+-----------+
|            | block.block.olivero_search_form_wide   | Update    |
|            | block.block.olivero_search_form_narrow | Update    |
|            | core.entity_form_mode.user.register    | Update    |
|            | views.view.block_content               | Update    |
|            | views.view.comment                     | Update    |
|            | views.view.content                     | Update    |
|            | views.view.files                       | Update    |
|            | views.view.glossary                    | Update    |
|            | views.view.user_admin_people           | Update    |
|            | views.view.watchdog                    | Update    |
|            | views.view.who_s_online                | Update    |
+------------+----------------------------------------+-----------+


 // The .yml files in your export directory will be deleted and replaced with the active config.: yes.                  

 [success] Configuration successfully exported to ../config/sync.
../config/sync
robdavisprojects@DesktopMedionUbuntu:~/02-work/09-community/projects/taxanotes/myriatrix.taxanotes.net$ 